ERROR - 2026-06-17 06:36:07 --> Unable to prepare statement: no such table: caisses
in SYSTEMPATH/Database/SQLite3/Connection.php on line 164.
 1 SYSTEMPATH/Database/SQLite3/Connection.php(164): SQLite3->query()
 2 SYSTEMPATH/Database/BaseConnection.php(908): CodeIgniter\Database\SQLite3\Connection->execute()
 3 SYSTEMPATH/Database/BaseConnection.php(825): CodeIgniter\Database\BaseConnection->simpleQuery()
 4 SYSTEMPATH/Database/BaseBuilder.php(1647): CodeIgniter\Database\BaseConnection->query()
 5 SYSTEMPATH/Model.php(255): CodeIgniter\Database\BaseBuilder->get()
 6 SYSTEMPATH/BaseModel.php(676): CodeIgniter\Model->doFindAll()
 7 APPPATH/Models/CaisseModel.php(20): CodeIgniter\BaseModel->findAll()
 8 APPPATH/Controllers/CaisseController.php(12): App\Models\CaisseModel->getAllCaisse()
 9 SYSTEMPATH/CodeIgniter.php(974): App\Controllers\CaisseController->choixCaisse()
10 SYSTEMPATH/CodeIgniter.php(520): CodeIgniter\CodeIgniter->runController()
11 SYSTEMPATH/CodeIgniter.php(363): CodeIgniter\CodeIgniter->handleRequest()
12 SYSTEMPATH/Boot.php(417): CodeIgniter\CodeIgniter->run()
13 SYSTEMPATH/Boot.php(68): CodeIgniter\Boot::runCodeIgniter()
14 FCPATH/index.php(59): CodeIgniter\Boot::bootWeb()
15 SYSTEMPATH/rewrite.php(44): require_once('/home/main/Documents/GitHub/Supermarch-/public/index.php')
CRITICAL - 2026-06-17 06:36:07 --> CodeIgniter\Database\Exceptions\DatabaseException: Unable to prepare statement: no such table: caisses
[Method: GET, Route: /]
in SYSTEMPATH/Database/BaseConnection.php on line 863.
 1 SYSTEMPATH/Database/BaseBuilder.php(1647): CodeIgniter\Database\BaseConnection->query()
 2 SYSTEMPATH/Model.php(255): CodeIgniter\Database\BaseBuilder->get()
 3 SYSTEMPATH/BaseModel.php(676): CodeIgniter\Model->doFindAll()
 4 APPPATH/Models/CaisseModel.php(20): CodeIgniter\BaseModel->findAll()
 5 APPPATH/Controllers/CaisseController.php(12): App\Models\CaisseModel->getAllCaisse()
 6 SYSTEMPATH/CodeIgniter.php(974): App\Controllers\CaisseController->choixCaisse()
 7 SYSTEMPATH/CodeIgniter.php(520): CodeIgniter\CodeIgniter->runController()
 8 SYSTEMPATH/CodeIgniter.php(363): CodeIgniter\CodeIgniter->handleRequest()
 9 SYSTEMPATH/Boot.php(417): CodeIgniter\CodeIgniter->run()
10 SYSTEMPATH/Boot.php(68): CodeIgniter\Boot::runCodeIgniter()
11 FCPATH/index.php(59): CodeIgniter\Boot::bootWeb()
12 SYSTEMPATH/rewrite.php(44): require_once('/home/main/Documents/GitHub/Supermarch-/public/index.php')
CRITICAL - 2026-06-17 06:36:07 --> [Caused by] CodeIgniter\Database\Exceptions\DatabaseException: Unable to prepare statement: no such table: caisses
in SYSTEMPATH/Database/SQLite3/Connection.php on line 174.
 1 SYSTEMPATH/Database/BaseConnection.php(908): CodeIgniter\Database\SQLite3\Connection->execute()
 2 SYSTEMPATH/Database/BaseConnection.php(825): CodeIgniter\Database\BaseConnection->simpleQuery()
 3 SYSTEMPATH/Database/BaseBuilder.php(1647): CodeIgniter\Database\BaseConnection->query()
 4 SYSTEMPATH/Model.php(255): CodeIgniter\Database\BaseBuilder->get()
 5 SYSTEMPATH/BaseModel.php(676): CodeIgniter\Model->doFindAll()
 6 APPPATH/Models/CaisseModel.php(20): CodeIgniter\BaseModel->findAll()
 7 APPPATH/Controllers/CaisseController.php(12): App\Models\CaisseModel->getAllCaisse()
 8 SYSTEMPATH/CodeIgniter.php(974): App\Controllers\CaisseController->choixCaisse()
 9 SYSTEMPATH/CodeIgniter.php(520): CodeIgniter\CodeIgniter->runController()
10 SYSTEMPATH/CodeIgniter.php(363): CodeIgniter\CodeIgniter->handleRequest()
11 SYSTEMPATH/Boot.php(417): CodeIgniter\CodeIgniter->run()
12 SYSTEMPATH/Boot.php(68): CodeIgniter\Boot::runCodeIgniter()
13 FCPATH/index.php(59): CodeIgniter\Boot::bootWeb()
14 SYSTEMPATH/rewrite.php(44): require_once('/home/main/Documents/GitHub/Supermarch-/public/index.php')
CRITICAL - 2026-06-17 06:36:07 --> [Caused by] SQLite3Exception: Unable to prepare statement: no such table: caisses
in SYSTEMPATH/Database/SQLite3/Connection.php on line 164.
 1 SYSTEMPATH/Database/SQLite3/Connection.php(164): SQLite3->query()
 2 SYSTEMPATH/Database/BaseConnection.php(908): CodeIgniter\Database\SQLite3\Connection->execute()
 3 SYSTEMPATH/Database/BaseConnection.php(825): CodeIgniter\Database\BaseConnection->simpleQuery()
 4 SYSTEMPATH/Database/BaseBuilder.php(1647): CodeIgniter\Database\BaseConnection->query()
 5 SYSTEMPATH/Model.php(255): CodeIgniter\Database\BaseBuilder->get()
 6 SYSTEMPATH/BaseModel.php(676): CodeIgniter\Model->doFindAll()
 7 APPPATH/Models/CaisseModel.php(20): CodeIgniter\BaseModel->findAll()
 8 APPPATH/Controllers/CaisseController.php(12): App\Models\CaisseModel->getAllCaisse()
 9 SYSTEMPATH/CodeIgniter.php(974): App\Controllers\CaisseController->choixCaisse()
10 SYSTEMPATH/CodeIgniter.php(520): CodeIgniter\CodeIgniter->runController()
11 SYSTEMPATH/CodeIgniter.php(363): CodeIgniter\CodeIgniter->handleRequest()
12 SYSTEMPATH/Boot.php(417): CodeIgniter\CodeIgniter->run()
13 SYSTEMPATH/Boot.php(68): CodeIgniter\Boot::runCodeIgniter()
14 FCPATH/index.php(59): CodeIgniter\Boot::bootWeb()
15 SYSTEMPATH/rewrite.php(44): require_once('/home/main/Documents/GitHub/Supermarch-/public/index.php')
ERROR - 2026-06-17 06:36:07 --> Unable to prepare statement: no such table: caisses
in SYSTEMPATH/Database/SQLite3/Connection.php on line 164.
 1 SYSTEMPATH/Database/SQLite3/Connection.php(164): SQLite3->query()
 2 SYSTEMPATH/Database/BaseConnection.php(908): CodeIgniter\Database\SQLite3\Connection->execute()
 3 SYSTEMPATH/Database/BaseConnection.php(825): CodeIgniter\Database\BaseConnection->simpleQuery()
 4 SYSTEMPATH/Database/BaseBuilder.php(1647): CodeIgniter\Database\BaseConnection->query()
 5 SYSTEMPATH/Model.php(255): CodeIgniter\Database\BaseBuilder->get()
 6 SYSTEMPATH/BaseModel.php(676): CodeIgniter\Model->doFindAll()
 7 APPPATH/Models/CaisseModel.php(20): CodeIgniter\BaseModel->findAll()
 8 APPPATH/Controllers/CaisseController.php(12): App\Models\CaisseModel->getAllCaisse()
 9 SYSTEMPATH/CodeIgniter.php(974): App\Controllers\CaisseController->choixCaisse()
10 SYSTEMPATH/CodeIgniter.php(520): CodeIgniter\CodeIgniter->runController()
11 SYSTEMPATH/CodeIgniter.php(363): CodeIgniter\CodeIgniter->handleRequest()
12 SYSTEMPATH/Boot.php(417): CodeIgniter\CodeIgniter->run()
13 SYSTEMPATH/Boot.php(68): CodeIgniter\Boot::runCodeIgniter()
14 FCPATH/index.php(59): CodeIgniter\Boot::bootWeb()
15 SYSTEMPATH/rewrite.php(44): require_once('/home/main/Documents/GitHub/Supermarch-/public/index.php')
CRITICAL - 2026-06-17 06:36:07 --> CodeIgniter\Database\Exceptions\DatabaseException: Unable to prepare statement: no such table: caisses
[Method: GET, Route: /]
in SYSTEMPATH/Database/BaseConnection.php on line 863.
 1 SYSTEMPATH/Database/BaseBuilder.php(1647): CodeIgniter\Database\BaseConnection->query()
 2 SYSTEMPATH/Model.php(255): CodeIgniter\Database\BaseBuilder->get()
 3 SYSTEMPATH/BaseModel.php(676): CodeIgniter\Model->doFindAll()
 4 APPPATH/Models/CaisseModel.php(20): CodeIgniter\BaseModel->findAll()
 5 APPPATH/Controllers/CaisseController.php(12): App\Models\CaisseModel->getAllCaisse()
 6 SYSTEMPATH/CodeIgniter.php(974): App\Controllers\CaisseController->choixCaisse()
 7 SYSTEMPATH/CodeIgniter.php(520): CodeIgniter\CodeIgniter->runController()
 8 SYSTEMPATH/CodeIgniter.php(363): CodeIgniter\CodeIgniter->handleRequest()
 9 SYSTEMPATH/Boot.php(417): CodeIgniter\CodeIgniter->run()
10 SYSTEMPATH/Boot.php(68): CodeIgniter\Boot::runCodeIgniter()
11 FCPATH/index.php(59): CodeIgniter\Boot::bootWeb()
12 SYSTEMPATH/rewrite.php(44): require_once('/home/main/Documents/GitHub/Supermarch-/public/index.php')
CRITICAL - 2026-06-17 06:36:07 --> [Caused by] CodeIgniter\Database\Exceptions\DatabaseException: Unable to prepare statement: no such table: caisses
in SYSTEMPATH/Database/SQLite3/Connection.php on line 174.
 1 SYSTEMPATH/Database/BaseConnection.php(908): CodeIgniter\Database\SQLite3\Connection->execute()
 2 SYSTEMPATH/Database/BaseConnection.php(825): CodeIgniter\Database\BaseConnection->simpleQuery()
 3 SYSTEMPATH/Database/BaseBuilder.php(1647): CodeIgniter\Database\BaseConnection->query()
 4 SYSTEMPATH/Model.php(255): CodeIgniter\Database\BaseBuilder->get()
 5 SYSTEMPATH/BaseModel.php(676): CodeIgniter\Model->doFindAll()
 6 APPPATH/Models/CaisseModel.php(20): CodeIgniter\BaseModel->findAll()
 7 APPPATH/Controllers/CaisseController.php(12): App\Models\CaisseModel->getAllCaisse()
 8 SYSTEMPATH/CodeIgniter.php(974): App\Controllers\CaisseController->choixCaisse()
 9 SYSTEMPATH/CodeIgniter.php(520): CodeIgniter\CodeIgniter->runController()
10 SYSTEMPATH/CodeIgniter.php(363): CodeIgniter\CodeIgniter->handleRequest()
11 SYSTEMPATH/Boot.php(417): CodeIgniter\CodeIgniter->run()
12 SYSTEMPATH/Boot.php(68): CodeIgniter\Boot::runCodeIgniter()
13 FCPATH/index.php(59): CodeIgniter\Boot::bootWeb()
14 SYSTEMPATH/rewrite.php(44): require_once('/home/main/Documents/GitHub/Supermarch-/public/index.php')
CRITICAL - 2026-06-17 06:36:07 --> [Caused by] SQLite3Exception: Unable to prepare statement: no such table: caisses
in SYSTEMPATH/Database/SQLite3/Connection.php on line 164.
 1 SYSTEMPATH/Database/SQLite3/Connection.php(164): SQLite3->query()
 2 SYSTEMPATH/Database/BaseConnection.php(908): CodeIgniter\Database\SQLite3\Connection->execute()
 3 SYSTEMPATH/Database/BaseConnection.php(825): CodeIgniter\Database\BaseConnection->simpleQuery()
 4 SYSTEMPATH/Database/BaseBuilder.php(1647): CodeIgniter\Database\BaseConnection->query()
 5 SYSTEMPATH/Model.php(255): CodeIgniter\Database\BaseBuilder->get()
 6 SYSTEMPATH/BaseModel.php(676): CodeIgniter\Model->doFindAll()
 7 APPPATH/Models/CaisseModel.php(20): CodeIgniter\BaseModel->findAll()
 8 APPPATH/Controllers/CaisseController.php(12): App\Models\CaisseModel->getAllCaisse()
 9 SYSTEMPATH/CodeIgniter.php(974): App\Controllers\CaisseController->choixCaisse()
10 SYSTEMPATH/CodeIgniter.php(520): CodeIgniter\CodeIgniter->runController()
11 SYSTEMPATH/CodeIgniter.php(363): CodeIgniter\CodeIgniter->handleRequest()
12 SYSTEMPATH/Boot.php(417): CodeIgniter\CodeIgniter->run()
13 SYSTEMPATH/Boot.php(68): CodeIgniter\Boot::runCodeIgniter()
14 FCPATH/index.php(59): CodeIgniter\Boot::bootWeb()
15 SYSTEMPATH/rewrite.php(44): require_once('/home/main/Documents/GitHub/Supermarch-/public/index.php')
ERROR - 2026-06-17 06:36:07 --> Unable to prepare statement: no such table: caisses
in SYSTEMPATH/Database/SQLite3/Connection.php on line 164.
 1 SYSTEMPATH/Database/SQLite3/Connection.php(164): SQLite3->query()
 2 SYSTEMPATH/Database/BaseConnection.php(908): CodeIgniter\Database\SQLite3\Connection->execute()
 3 SYSTEMPATH/Database/BaseConnection.php(825): CodeIgniter\Database\BaseConnection->simpleQuery()
 4 SYSTEMPATH/Database/BaseBuilder.php(1647): CodeIgniter\Database\BaseConnection->query()
 5 SYSTEMPATH/Model.php(255): CodeIgniter\Database\BaseBuilder->get()
 6 SYSTEMPATH/BaseModel.php(676): CodeIgniter\Model->doFindAll()
 7 APPPATH/Models/CaisseModel.php(20): CodeIgniter\BaseModel->findAll()
 8 APPPATH/Controllers/CaisseController.php(12): App\Models\CaisseModel->getAllCaisse()
 9 SYSTEMPATH/CodeIgniter.php(974): App\Controllers\CaisseController->choixCaisse()
10 SYSTEMPATH/CodeIgniter.php(520): CodeIgniter\CodeIgniter->runController()
11 SYSTEMPATH/CodeIgniter.php(363): CodeIgniter\CodeIgniter->handleRequest()
12 SYSTEMPATH/Boot.php(417): CodeIgniter\CodeIgniter->run()
13 SYSTEMPATH/Boot.php(68): CodeIgniter\Boot::runCodeIgniter()
14 FCPATH/index.php(59): CodeIgniter\Boot::bootWeb()
15 SYSTEMPATH/rewrite.php(44): require_once('/home/main/Documents/GitHub/Supermarch-/public/index.php')
CRITICAL - 2026-06-17 06:36:07 --> CodeIgniter\Database\Exceptions\DatabaseException: Unable to prepare statement: no such table: caisses
[Method: GET, Route: /]
in SYSTEMPATH/Database/BaseConnection.php on line 863.
 1 SYSTEMPATH/Database/BaseBuilder.php(1647): CodeIgniter\Database\BaseConnection->query()
 2 SYSTEMPATH/Model.php(255): CodeIgniter\Database\BaseBuilder->get()
 3 SYSTEMPATH/BaseModel.php(676): CodeIgniter\Model->doFindAll()
 4 APPPATH/Models/CaisseModel.php(20): CodeIgniter\BaseModel->findAll()
 5 APPPATH/Controllers/CaisseController.php(12): App\Models\CaisseModel->getAllCaisse()
 6 SYSTEMPATH/CodeIgniter.php(974): App\Controllers\CaisseController->choixCaisse()
 7 SYSTEMPATH/CodeIgniter.php(520): CodeIgniter\CodeIgniter->runController()
 8 SYSTEMPATH/CodeIgniter.php(363): CodeIgniter\CodeIgniter->handleRequest()
 9 SYSTEMPATH/Boot.php(417): CodeIgniter\CodeIgniter->run()
10 SYSTEMPATH/Boot.php(68): CodeIgniter\Boot::runCodeIgniter()
11 FCPATH/index.php(59): CodeIgniter\Boot::bootWeb()
12 SYSTEMPATH/rewrite.php(44): require_once('/home/main/Documents/GitHub/Supermarch-/public/index.php')
CRITICAL - 2026-06-17 06:36:07 --> [Caused by] CodeIgniter\Database\Exceptions\DatabaseException: Unable to prepare statement: no such table: caisses
in SYSTEMPATH/Database/SQLite3/Connection.php on line 174.
 1 SYSTEMPATH/Database/BaseConnection.php(908): CodeIgniter\Database\SQLite3\Connection->execute()
 2 SYSTEMPATH/Database/BaseConnection.php(825): CodeIgniter\Database\BaseConnection->simpleQuery()
 3 SYSTEMPATH/Database/BaseBuilder.php(1647): CodeIgniter\Database\BaseConnection->query()
 4 SYSTEMPATH/Model.php(255): CodeIgniter\Database\BaseBuilder->get()
 5 SYSTEMPATH/BaseModel.php(676): CodeIgniter\Model->doFindAll()
 6 APPPATH/Models/CaisseModel.php(20): CodeIgniter\BaseModel->findAll()
 7 APPPATH/Controllers/CaisseController.php(12): App\Models\CaisseModel->getAllCaisse()
 8 SYSTEMPATH/CodeIgniter.php(974): App\Controllers\CaisseController->choixCaisse()
 9 SYSTEMPATH/CodeIgniter.php(520): CodeIgniter\CodeIgniter->runController()
10 SYSTEMPATH/CodeIgniter.php(363): CodeIgniter\CodeIgniter->handleRequest()
11 SYSTEMPATH/Boot.php(417): CodeIgniter\CodeIgniter->run()
12 SYSTEMPATH/Boot.php(68): CodeIgniter\Boot::runCodeIgniter()
13 FCPATH/index.php(59): CodeIgniter\Boot::bootWeb()
14 SYSTEMPATH/rewrite.php(44): require_once('/home/main/Documents/GitHub/Supermarch-/public/index.php')
CRITICAL - 2026-06-17 06:36:07 --> [Caused by] SQLite3Exception: Unable to prepare statement: no such table: caisses
in SYSTEMPATH/Database/SQLite3/Connection.php on line 164.
 1 SYSTEMPATH/Database/SQLite3/Connection.php(164): SQLite3->query()
 2 SYSTEMPATH/Database/BaseConnection.php(908): CodeIgniter\Database\SQLite3\Connection->execute()
 3 SYSTEMPATH/Database/BaseConnection.php(825): CodeIgniter\Database\BaseConnection->simpleQuery()
 4 SYSTEMPATH/Database/BaseBuilder.php(1647): CodeIgniter\Database\BaseConnection->query()
 5 SYSTEMPATH/Model.php(255): CodeIgniter\Database\BaseBuilder->get()
 6 SYSTEMPATH/BaseModel.php(676): CodeIgniter\Model->doFindAll()
 7 APPPATH/Models/CaisseModel.php(20): CodeIgniter\BaseModel->findAll()
 8 APPPATH/Controllers/CaisseController.php(12): App\Models\CaisseModel->getAllCaisse()
 9 SYSTEMPATH/CodeIgniter.php(974): App\Controllers\CaisseController->choixCaisse()
10 SYSTEMPATH/CodeIgniter.php(520): CodeIgniter\CodeIgniter->runController()
11 SYSTEMPATH/CodeIgniter.php(363): CodeIgniter\CodeIgniter->handleRequest()
12 SYSTEMPATH/Boot.php(417): CodeIgniter\CodeIgniter->run()
13 SYSTEMPATH/Boot.php(68): CodeIgniter\Boot::runCodeIgniter()
14 FCPATH/index.php(59): CodeIgniter\Boot::bootWeb()
15 SYSTEMPATH/rewrite.php(44): require_once('/home/main/Documents/GitHub/Supermarch-/public/index.php')
ERROR - 2026-06-17 06:36:08 --> Unable to prepare statement: no such table: caisses
in SYSTEMPATH/Database/SQLite3/Connection.php on line 164.
 1 SYSTEMPATH/Database/SQLite3/Connection.php(164): SQLite3->query()
 2 SYSTEMPATH/Database/BaseConnection.php(908): CodeIgniter\Database\SQLite3\Connection->execute()
 3 SYSTEMPATH/Database/BaseConnection.php(825): CodeIgniter\Database\BaseConnection->simpleQuery()
 4 SYSTEMPATH/Database/BaseBuilder.php(1647): CodeIgniter\Database\BaseConnection->query()
 5 SYSTEMPATH/Model.php(255): CodeIgniter\Database\BaseBuilder->get()
 6 SYSTEMPATH/BaseModel.php(676): CodeIgniter\Model->doFindAll()
 7 APPPATH/Models/CaisseModel.php(20): CodeIgniter\BaseModel->findAll()
 8 APPPATH/Controllers/CaisseController.php(12): App\Models\CaisseModel->getAllCaisse()
 9 SYSTEMPATH/CodeIgniter.php(974): App\Controllers\CaisseController->choixCaisse()
10 SYSTEMPATH/CodeIgniter.php(520): CodeIgniter\CodeIgniter->runController()
11 SYSTEMPATH/CodeIgniter.php(363): CodeIgniter\CodeIgniter->handleRequest()
12 SYSTEMPATH/Boot.php(417): CodeIgniter\CodeIgniter->run()
13 SYSTEMPATH/Boot.php(68): CodeIgniter\Boot::runCodeIgniter()
14 FCPATH/index.php(59): CodeIgniter\Boot::bootWeb()
15 SYSTEMPATH/rewrite.php(44): require_once('/home/main/Documents/GitHub/Supermarch-/public/index.php')
CRITICAL - 2026-06-17 06:36:08 --> CodeIgniter\Database\Exceptions\DatabaseException: Unable to prepare statement: no such table: caisses
[Method: GET, Route: /]
in SYSTEMPATH/Database/BaseConnection.php on line 863.
 1 SYSTEMPATH/Database/BaseBuilder.php(1647): CodeIgniter\Database\BaseConnection->query()
 2 SYSTEMPATH/Model.php(255): CodeIgniter\Database\BaseBuilder->get()
 3 SYSTEMPATH/BaseModel.php(676): CodeIgniter\Model->doFindAll()
 4 APPPATH/Models/CaisseModel.php(20): CodeIgniter\BaseModel->findAll()
 5 APPPATH/Controllers/CaisseController.php(12): App\Models\CaisseModel->getAllCaisse()
 6 SYSTEMPATH/CodeIgniter.php(974): App\Controllers\CaisseController->choixCaisse()
 7 SYSTEMPATH/CodeIgniter.php(520): CodeIgniter\CodeIgniter->runController()
 8 SYSTEMPATH/CodeIgniter.php(363): CodeIgniter\CodeIgniter->handleRequest()
 9 SYSTEMPATH/Boot.php(417): CodeIgniter\CodeIgniter->run()
10 SYSTEMPATH/Boot.php(68): CodeIgniter\Boot::runCodeIgniter()
11 FCPATH/index.php(59): CodeIgniter\Boot::bootWeb()
12 SYSTEMPATH/rewrite.php(44): require_once('/home/main/Documents/GitHub/Supermarch-/public/index.php')
CRITICAL - 2026-06-17 06:36:08 --> [Caused by] CodeIgniter\Database\Exceptions\DatabaseException: Unable to prepare statement: no such table: caisses
in SYSTEMPATH/Database/SQLite3/Connection.php on line 174.
 1 SYSTEMPATH/Database/BaseConnection.php(908): CodeIgniter\Database\SQLite3\Connection->execute()
 2 SYSTEMPATH/Database/BaseConnection.php(825): CodeIgniter\Database\BaseConnection->simpleQuery()
 3 SYSTEMPATH/Database/BaseBuilder.php(1647): CodeIgniter\Database\BaseConnection->query()
 4 SYSTEMPATH/Model.php(255): CodeIgniter\Database\BaseBuilder->get()
 5 SYSTEMPATH/BaseModel.php(676): CodeIgniter\Model->doFindAll()
 6 APPPATH/Models/CaisseModel.php(20): CodeIgniter\BaseModel->findAll()
 7 APPPATH/Controllers/CaisseController.php(12): App\Models\CaisseModel->getAllCaisse()
 8 SYSTEMPATH/CodeIgniter.php(974): App\Controllers\CaisseController->choixCaisse()
 9 SYSTEMPATH/CodeIgniter.php(520): CodeIgniter\CodeIgniter->runController()
10 SYSTEMPATH/CodeIgniter.php(363): CodeIgniter\CodeIgniter->handleRequest()
11 SYSTEMPATH/Boot.php(417): CodeIgniter\CodeIgniter->run()
12 SYSTEMPATH/Boot.php(68): CodeIgniter\Boot::runCodeIgniter()
13 FCPATH/index.php(59): CodeIgniter\Boot::bootWeb()
14 SYSTEMPATH/rewrite.php(44): require_once('/home/main/Documents/GitHub/Supermarch-/public/index.php')
CRITICAL - 2026-06-17 06:36:08 --> [Caused by] SQLite3Exception: Unable to prepare statement: no such table: caisses
in SYSTEMPATH/Database/SQLite3/Connection.php on line 164.
 1 SYSTEMPATH/Database/SQLite3/Connection.php(164): SQLite3->query()
 2 SYSTEMPATH/Database/BaseConnection.php(908): CodeIgniter\Database\SQLite3\Connection->execute()
 3 SYSTEMPATH/Database/BaseConnection.php(825): CodeIgniter\Database\BaseConnection->simpleQuery()
 4 SYSTEMPATH/Database/BaseBuilder.php(1647): CodeIgniter\Database\BaseConnection->query()
 5 SYSTEMPATH/Model.php(255): CodeIgniter\Database\BaseBuilder->get()
 6 SYSTEMPATH/BaseModel.php(676): CodeIgniter\Model->doFindAll()
 7 APPPATH/Models/CaisseModel.php(20): CodeIgniter\BaseModel->findAll()
 8 APPPATH/Controllers/CaisseController.php(12): App\Models\CaisseModel->getAllCaisse()
 9 SYSTEMPATH/CodeIgniter.php(974): App\Controllers\CaisseController->choixCaisse()
10 SYSTEMPATH/CodeIgniter.php(520): CodeIgniter\CodeIgniter->runController()
11 SYSTEMPATH/CodeIgniter.php(363): CodeIgniter\CodeIgniter->handleRequest()
12 SYSTEMPATH/Boot.php(417): CodeIgniter\CodeIgniter->run()
13 SYSTEMPATH/Boot.php(68): CodeIgniter\Boot::runCodeIgniter()
14 FCPATH/index.php(59): CodeIgniter\Boot::bootWeb()
15 SYSTEMPATH/rewrite.php(44): require_once('/home/main/Documents/GitHub/Supermarch-/public/index.php')
ERROR - 2026-06-17 06:36:29 --> Unable to prepare statement: no such table: caisses
in SYSTEMPATH/Database/SQLite3/Connection.php on line 164.
 1 SYSTEMPATH/Database/SQLite3/Connection.php(164): SQLite3->query()
 2 SYSTEMPATH/Database/BaseConnection.php(908): CodeIgniter\Database\SQLite3\Connection->execute()
 3 SYSTEMPATH/Database/BaseConnection.php(825): CodeIgniter\Database\BaseConnection->simpleQuery()
 4 SYSTEMPATH/Database/BaseBuilder.php(1647): CodeIgniter\Database\BaseConnection->query()
 5 SYSTEMPATH/Model.php(255): CodeIgniter\Database\BaseBuilder->get()
 6 SYSTEMPATH/BaseModel.php(676): CodeIgniter\Model->doFindAll()
 7 APPPATH/Models/CaisseModel.php(20): CodeIgniter\BaseModel->findAll()
 8 APPPATH/Controllers/CaisseController.php(15): App\Models\CaisseModel->getAllCaisse()
 9 SYSTEMPATH/CodeIgniter.php(974): App\Controllers\CaisseController->choixCaisse()
10 SYSTEMPATH/CodeIgniter.php(520): CodeIgniter\CodeIgniter->runController()
11 SYSTEMPATH/CodeIgniter.php(363): CodeIgniter\CodeIgniter->handleRequest()
12 SYSTEMPATH/Boot.php(417): CodeIgniter\CodeIgniter->run()
13 SYSTEMPATH/Boot.php(68): CodeIgniter\Boot::runCodeIgniter()
14 FCPATH/index.php(59): CodeIgniter\Boot::bootWeb()
15 SYSTEMPATH/rewrite.php(44): require_once('/home/main/Documents/GitHub/Supermarch-/public/index.php')
CRITICAL - 2026-06-17 06:36:29 --> CodeIgniter\Database\Exceptions\DatabaseException: Unable to prepare statement: no such table: caisses
[Method: GET, Route: /]
in SYSTEMPATH/Database/BaseConnection.php on line 863.
 1 SYSTEMPATH/Database/BaseBuilder.php(1647): CodeIgniter\Database\BaseConnection->query()
 2 SYSTEMPATH/Model.php(255): CodeIgniter\Database\BaseBuilder->get()
 3 SYSTEMPATH/BaseModel.php(676): CodeIgniter\Model->doFindAll()
 4 APPPATH/Models/CaisseModel.php(20): CodeIgniter\BaseModel->findAll()
 5 APPPATH/Controllers/CaisseController.php(15): App\Models\CaisseModel->getAllCaisse()
 6 SYSTEMPATH/CodeIgniter.php(974): App\Controllers\CaisseController->choixCaisse()
 7 SYSTEMPATH/CodeIgniter.php(520): CodeIgniter\CodeIgniter->runController()
 8 SYSTEMPATH/CodeIgniter.php(363): CodeIgniter\CodeIgniter->handleRequest()
 9 SYSTEMPATH/Boot.php(417): CodeIgniter\CodeIgniter->run()
10 SYSTEMPATH/Boot.php(68): CodeIgniter\Boot::runCodeIgniter()
11 FCPATH/index.php(59): CodeIgniter\Boot::bootWeb()
12 SYSTEMPATH/rewrite.php(44): require_once('/home/main/Documents/GitHub/Supermarch-/public/index.php')
CRITICAL - 2026-06-17 06:36:29 --> [Caused by] CodeIgniter\Database\Exceptions\DatabaseException: Unable to prepare statement: no such table: caisses
in SYSTEMPATH/Database/SQLite3/Connection.php on line 174.
 1 SYSTEMPATH/Database/BaseConnection.php(908): CodeIgniter\Database\SQLite3\Connection->execute()
 2 SYSTEMPATH/Database/BaseConnection.php(825): CodeIgniter\Database\BaseConnection->simpleQuery()
 3 SYSTEMPATH/Database/BaseBuilder.php(1647): CodeIgniter\Database\BaseConnection->query()
 4 SYSTEMPATH/Model.php(255): CodeIgniter\Database\BaseBuilder->get()
 5 SYSTEMPATH/BaseModel.php(676): CodeIgniter\Model->doFindAll()
 6 APPPATH/Models/CaisseModel.php(20): CodeIgniter\BaseModel->findAll()
 7 APPPATH/Controllers/CaisseController.php(15): App\Models\CaisseModel->getAllCaisse()
 8 SYSTEMPATH/CodeIgniter.php(974): App\Controllers\CaisseController->choixCaisse()
 9 SYSTEMPATH/CodeIgniter.php(520): CodeIgniter\CodeIgniter->runController()
10 SYSTEMPATH/CodeIgniter.php(363): CodeIgniter\CodeIgniter->handleRequest()
11 SYSTEMPATH/Boot.php(417): CodeIgniter\CodeIgniter->run()
12 SYSTEMPATH/Boot.php(68): CodeIgniter\Boot::runCodeIgniter()
13 FCPATH/index.php(59): CodeIgniter\Boot::bootWeb()
14 SYSTEMPATH/rewrite.php(44): require_once('/home/main/Documents/GitHub/Supermarch-/public/index.php')
CRITICAL - 2026-06-17 06:36:29 --> [Caused by] SQLite3Exception: Unable to prepare statement: no such table: caisses
in SYSTEMPATH/Database/SQLite3/Connection.php on line 164.
 1 SYSTEMPATH/Database/SQLite3/Connection.php(164): SQLite3->query()
 2 SYSTEMPATH/Database/BaseConnection.php(908): CodeIgniter\Database\SQLite3\Connection->execute()
 3 SYSTEMPATH/Database/BaseConnection.php(825): CodeIgniter\Database\BaseConnection->simpleQuery()
 4 SYSTEMPATH/Database/BaseBuilder.php(1647): CodeIgniter\Database\BaseConnection->query()
 5 SYSTEMPATH/Model.php(255): CodeIgniter\Database\BaseBuilder->get()
 6 SYSTEMPATH/BaseModel.php(676): CodeIgniter\Model->doFindAll()
 7 APPPATH/Models/CaisseModel.php(20): CodeIgniter\BaseModel->findAll()
 8 APPPATH/Controllers/CaisseController.php(15): App\Models\CaisseModel->getAllCaisse()
 9 SYSTEMPATH/CodeIgniter.php(974): App\Controllers\CaisseController->choixCaisse()
10 SYSTEMPATH/CodeIgniter.php(520): CodeIgniter\CodeIgniter->runController()
11 SYSTEMPATH/CodeIgniter.php(363): CodeIgniter\CodeIgniter->handleRequest()
12 SYSTEMPATH/Boot.php(417): CodeIgniter\CodeIgniter->run()
13 SYSTEMPATH/Boot.php(68): CodeIgniter\Boot::runCodeIgniter()
14 FCPATH/index.php(59): CodeIgniter\Boot::bootWeb()
15 SYSTEMPATH/rewrite.php(44): require_once('/home/main/Documents/GitHub/Supermarch-/public/index.php')
ERROR - 2026-06-17 06:36:34 --> Unable to prepare statement: no such table: caisses
in SYSTEMPATH/Database/SQLite3/Connection.php on line 164.
 1 SYSTEMPATH/Database/SQLite3/Connection.php(164): SQLite3->query()
 2 SYSTEMPATH/Database/BaseConnection.php(908): CodeIgniter\Database\SQLite3\Connection->execute()
 3 SYSTEMPATH/Database/BaseConnection.php(825): CodeIgniter\Database\BaseConnection->simpleQuery()
 4 SYSTEMPATH/Database/BaseBuilder.php(1647): CodeIgniter\Database\BaseConnection->query()
 5 SYSTEMPATH/Model.php(255): CodeIgniter\Database\BaseBuilder->get()
 6 SYSTEMPATH/BaseModel.php(676): CodeIgniter\Model->doFindAll()
 7 APPPATH/Models/CaisseModel.php(20): CodeIgniter\BaseModel->findAll()
 8 APPPATH/Controllers/CaisseController.php(15): App\Models\CaisseModel->getAllCaisse()
 9 SYSTEMPATH/CodeIgniter.php(974): App\Controllers\CaisseController->choixCaisse()
10 SYSTEMPATH/CodeIgniter.php(520): CodeIgniter\CodeIgniter->runController()
11 SYSTEMPATH/CodeIgniter.php(363): CodeIgniter\CodeIgniter->handleRequest()
12 SYSTEMPATH/Boot.php(417): CodeIgniter\CodeIgniter->run()
13 SYSTEMPATH/Boot.php(68): CodeIgniter\Boot::runCodeIgniter()
14 FCPATH/index.php(59): CodeIgniter\Boot::bootWeb()
15 SYSTEMPATH/rewrite.php(44): require_once('/home/main/Documents/GitHub/Supermarch-/public/index.php')
CRITICAL - 2026-06-17 06:36:34 --> CodeIgniter\Database\Exceptions\DatabaseException: Unable to prepare statement: no such table: caisses
[Method: GET, Route: /]
in SYSTEMPATH/Database/BaseConnection.php on line 863.
 1 SYSTEMPATH/Database/BaseBuilder.php(1647): CodeIgniter\Database\BaseConnection->query()
 2 SYSTEMPATH/Model.php(255): CodeIgniter\Database\BaseBuilder->get()
 3 SYSTEMPATH/BaseModel.php(676): CodeIgniter\Model->doFindAll()
 4 APPPATH/Models/CaisseModel.php(20): CodeIgniter\BaseModel->findAll()
 5 APPPATH/Controllers/CaisseController.php(15): App\Models\CaisseModel->getAllCaisse()
 6 SYSTEMPATH/CodeIgniter.php(974): App\Controllers\CaisseController->choixCaisse()
 7 SYSTEMPATH/CodeIgniter.php(520): CodeIgniter\CodeIgniter->runController()
 8 SYSTEMPATH/CodeIgniter.php(363): CodeIgniter\CodeIgniter->handleRequest()
 9 SYSTEMPATH/Boot.php(417): CodeIgniter\CodeIgniter->run()
10 SYSTEMPATH/Boot.php(68): CodeIgniter\Boot::runCodeIgniter()
11 FCPATH/index.php(59): CodeIgniter\Boot::bootWeb()
12 SYSTEMPATH/rewrite.php(44): require_once('/home/main/Documents/GitHub/Supermarch-/public/index.php')
CRITICAL - 2026-06-17 06:36:34 --> [Caused by] CodeIgniter\Database\Exceptions\DatabaseException: Unable to prepare statement: no such table: caisses
in SYSTEMPATH/Database/SQLite3/Connection.php on line 174.
 1 SYSTEMPATH/Database/BaseConnection.php(908): CodeIgniter\Database\SQLite3\Connection->execute()
 2 SYSTEMPATH/Database/BaseConnection.php(825): CodeIgniter\Database\BaseConnection->simpleQuery()
 3 SYSTEMPATH/Database/BaseBuilder.php(1647): CodeIgniter\Database\BaseConnection->query()
 4 SYSTEMPATH/Model.php(255): CodeIgniter\Database\BaseBuilder->get()
 5 SYSTEMPATH/BaseModel.php(676): CodeIgniter\Model->doFindAll()
 6 APPPATH/Models/CaisseModel.php(20): CodeIgniter\BaseModel->findAll()
 7 APPPATH/Controllers/CaisseController.php(15): App\Models\CaisseModel->getAllCaisse()
 8 SYSTEMPATH/CodeIgniter.php(974): App\Controllers\CaisseController->choixCaisse()
 9 SYSTEMPATH/CodeIgniter.php(520): CodeIgniter\CodeIgniter->runController()
10 SYSTEMPATH/CodeIgniter.php(363): CodeIgniter\CodeIgniter->handleRequest()
11 SYSTEMPATH/Boot.php(417): CodeIgniter\CodeIgniter->run()
12 SYSTEMPATH/Boot.php(68): CodeIgniter\Boot::runCodeIgniter()
13 FCPATH/index.php(59): CodeIgniter\Boot::bootWeb()
14 SYSTEMPATH/rewrite.php(44): require_once('/home/main/Documents/GitHub/Supermarch-/public/index.php')
CRITICAL - 2026-06-17 06:36:34 --> [Caused by] SQLite3Exception: Unable to prepare statement: no such table: caisses
in SYSTEMPATH/Database/SQLite3/Connection.php on line 164.
 1 SYSTEMPATH/Database/SQLite3/Connection.php(164): SQLite3->query()
 2 SYSTEMPATH/Database/BaseConnection.php(908): CodeIgniter\Database\SQLite3\Connection->execute()
 3 SYSTEMPATH/Database/BaseConnection.php(825): CodeIgniter\Database\BaseConnection->simpleQuery()
 4 SYSTEMPATH/Database/BaseBuilder.php(1647): CodeIgniter\Database\BaseConnection->query()
 5 SYSTEMPATH/Model.php(255): CodeIgniter\Database\BaseBuilder->get()
 6 SYSTEMPATH/BaseModel.php(676): CodeIgniter\Model->doFindAll()
 7 APPPATH/Models/CaisseModel.php(20): CodeIgniter\BaseModel->findAll()
 8 APPPATH/Controllers/CaisseController.php(15): App\Models\CaisseModel->getAllCaisse()
 9 SYSTEMPATH/CodeIgniter.php(974): App\Controllers\CaisseController->choixCaisse()
10 SYSTEMPATH/CodeIgniter.php(520): CodeIgniter\CodeIgniter->runController()
11 SYSTEMPATH/CodeIgniter.php(363): CodeIgniter\CodeIgniter->handleRequest()
12 SYSTEMPATH/Boot.php(417): CodeIgniter\CodeIgniter->run()
13 SYSTEMPATH/Boot.php(68): CodeIgniter\Boot::runCodeIgniter()
14 FCPATH/index.php(59): CodeIgniter\Boot::bootWeb()
15 SYSTEMPATH/rewrite.php(44): require_once('/home/main/Documents/GitHub/Supermarch-/public/index.php')
CRITICAL - 2026-06-17 06:36:51 --> CodeIgniter\View\Exceptions\ViewException: Invalid file: "choix_caisse.php"
[Method: GET, Route: /]
in SYSTEMPATH/Exceptions/FrameworkException.php on line 39.
 1 SYSTEMPATH/View/View.php(228): CodeIgniter\Exceptions\FrameworkException::forInvalidFile()
 2 SYSTEMPATH/Common.php(1254): CodeIgniter\View\View->render()
 3 APPPATH/Controllers/CaisseController.php(17): view()
 4 SYSTEMPATH/CodeIgniter.php(974): App\Controllers\CaisseController->choixCaisse()
 5 SYSTEMPATH/CodeIgniter.php(520): CodeIgniter\CodeIgniter->runController()
 6 SYSTEMPATH/CodeIgniter.php(363): CodeIgniter\CodeIgniter->handleRequest()
 7 SYSTEMPATH/Boot.php(417): CodeIgniter\CodeIgniter->run()
 8 SYSTEMPATH/Boot.php(68): CodeIgniter\Boot::runCodeIgniter()
 9 FCPATH/index.php(59): CodeIgniter\Boot::bootWeb()
10 SYSTEMPATH/rewrite.php(44): require_once('/home/main/Documents/GitHub/Supermarch-/public/index.php')
CRITICAL - 2026-06-17 06:36:51 --> CodeIgniter\View\Exceptions\ViewException: Invalid file: "choix_caisse.php"
[Method: GET, Route: /]
in SYSTEMPATH/Exceptions/FrameworkException.php on line 39.
 1 SYSTEMPATH/View/View.php(228): CodeIgniter\Exceptions\FrameworkException::forInvalidFile()
 2 SYSTEMPATH/Common.php(1254): CodeIgniter\View\View->render()
 3 APPPATH/Controllers/CaisseController.php(17): view()
 4 SYSTEMPATH/CodeIgniter.php(974): App\Controllers\CaisseController->choixCaisse()
 5 SYSTEMPATH/CodeIgniter.php(520): CodeIgniter\CodeIgniter->runController()
 6 SYSTEMPATH/CodeIgniter.php(363): CodeIgniter\CodeIgniter->handleRequest()
 7 SYSTEMPATH/Boot.php(417): CodeIgniter\CodeIgniter->run()
 8 SYSTEMPATH/Boot.php(68): CodeIgniter\Boot::runCodeIgniter()
 9 FCPATH/index.php(59): CodeIgniter\Boot::bootWeb()
10 SYSTEMPATH/rewrite.php(44): require_once('/home/main/Documents/GitHub/Supermarch-/public/index.php')
CRITICAL - 2026-06-17 06:36:52 --> CodeIgniter\View\Exceptions\ViewException: Invalid file: "choix_caisse.php"
[Method: GET, Route: /]
in SYSTEMPATH/Exceptions/FrameworkException.php on line 39.
 1 SYSTEMPATH/View/View.php(228): CodeIgniter\Exceptions\FrameworkException::forInvalidFile()
 2 SYSTEMPATH/Common.php(1254): CodeIgniter\View\View->render()
 3 APPPATH/Controllers/CaisseController.php(17): view()
 4 SYSTEMPATH/CodeIgniter.php(974): App\Controllers\CaisseController->choixCaisse()
 5 SYSTEMPATH/CodeIgniter.php(520): CodeIgniter\CodeIgniter->runController()
 6 SYSTEMPATH/CodeIgniter.php(363): CodeIgniter\CodeIgniter->handleRequest()
 7 SYSTEMPATH/Boot.php(417): CodeIgniter\CodeIgniter->run()
 8 SYSTEMPATH/Boot.php(68): CodeIgniter\Boot::runCodeIgniter()
 9 FCPATH/index.php(59): CodeIgniter\Boot::bootWeb()
10 SYSTEMPATH/rewrite.php(44): require_once('/home/main/Documents/GitHub/Supermarch-/public/index.php')
CRITICAL - 2026-06-17 06:36:52 --> CodeIgniter\View\Exceptions\ViewException: Invalid file: "choix_caisse.php"
[Method: GET, Route: /]
in SYSTEMPATH/Exceptions/FrameworkException.php on line 39.
 1 SYSTEMPATH/View/View.php(228): CodeIgniter\Exceptions\FrameworkException::forInvalidFile()
 2 SYSTEMPATH/Common.php(1254): CodeIgniter\View\View->render()
 3 APPPATH/Controllers/CaisseController.php(17): view()
 4 SYSTEMPATH/CodeIgniter.php(974): App\Controllers\CaisseController->choixCaisse()
 5 SYSTEMPATH/CodeIgniter.php(520): CodeIgniter\CodeIgniter->runController()
 6 SYSTEMPATH/CodeIgniter.php(363): CodeIgniter\CodeIgniter->handleRequest()
 7 SYSTEMPATH/Boot.php(417): CodeIgniter\CodeIgniter->run()
 8 SYSTEMPATH/Boot.php(68): CodeIgniter\Boot::runCodeIgniter()
 9 FCPATH/index.php(59): CodeIgniter\Boot::bootWeb()
10 SYSTEMPATH/rewrite.php(44): require_once('/home/main/Documents/GitHub/Supermarch-/public/index.php')
CRITICAL - 2026-06-17 06:36:52 --> CodeIgniter\View\Exceptions\ViewException: Invalid file: "choix_caisse.php"
[Method: GET, Route: /]
in SYSTEMPATH/Exceptions/FrameworkException.php on line 39.
 1 SYSTEMPATH/View/View.php(228): CodeIgniter\Exceptions\FrameworkException::forInvalidFile()
 2 SYSTEMPATH/Common.php(1254): CodeIgniter\View\View->render()
 3 APPPATH/Controllers/CaisseController.php(17): view()
 4 SYSTEMPATH/CodeIgniter.php(974): App\Controllers\CaisseController->choixCaisse()
 5 SYSTEMPATH/CodeIgniter.php(520): CodeIgniter\CodeIgniter->runController()
 6 SYSTEMPATH/CodeIgniter.php(363): CodeIgniter\CodeIgniter->handleRequest()
 7 SYSTEMPATH/Boot.php(417): CodeIgniter\CodeIgniter->run()
 8 SYSTEMPATH/Boot.php(68): CodeIgniter\Boot::runCodeIgniter()
 9 FCPATH/index.php(59): CodeIgniter\Boot::bootWeb()
10 SYSTEMPATH/rewrite.php(44): require_once('/home/main/Documents/GitHub/Supermarch-/public/index.php')
CRITICAL - 2026-06-17 06:36:52 --> CodeIgniter\View\Exceptions\ViewException: Invalid file: "choix_caisse.php"
[Method: GET, Route: /]
in SYSTEMPATH/Exceptions/FrameworkException.php on line 39.
 1 SYSTEMPATH/View/View.php(228): CodeIgniter\Exceptions\FrameworkException::forInvalidFile()
 2 SYSTEMPATH/Common.php(1254): CodeIgniter\View\View->render()
 3 APPPATH/Controllers/CaisseController.php(17): view()
 4 SYSTEMPATH/CodeIgniter.php(974): App\Controllers\CaisseController->choixCaisse()
 5 SYSTEMPATH/CodeIgniter.php(520): CodeIgniter\CodeIgniter->runController()
 6 SYSTEMPATH/CodeIgniter.php(363): CodeIgniter\CodeIgniter->handleRequest()
 7 SYSTEMPATH/Boot.php(417): CodeIgniter\CodeIgniter->run()
 8 SYSTEMPATH/Boot.php(68): CodeIgniter\Boot::runCodeIgniter()
 9 FCPATH/index.php(59): CodeIgniter\Boot::bootWeb()
10 SYSTEMPATH/rewrite.php(44): require_once('/home/main/Documents/GitHub/Supermarch-/public/index.php')
CRITICAL - 2026-06-17 06:36:57 --> CodeIgniter\View\Exceptions\ViewException: Invalid file: "choix_caisse.php"
[Method: GET, Route: /]
in SYSTEMPATH/Exceptions/FrameworkException.php on line 39.
 1 SYSTEMPATH/View/View.php(228): CodeIgniter\Exceptions\FrameworkException::forInvalidFile()
 2 SYSTEMPATH/Common.php(1254): CodeIgniter\View\View->render()
 3 APPPATH/Controllers/CaisseController.php(17): view()
 4 SYSTEMPATH/CodeIgniter.php(974): App\Controllers\CaisseController->choixCaisse()
 5 SYSTEMPATH/CodeIgniter.php(520): CodeIgniter\CodeIgniter->runController()
 6 SYSTEMPATH/CodeIgniter.php(363): CodeIgniter\CodeIgniter->handleRequest()
 7 SYSTEMPATH/Boot.php(417): CodeIgniter\CodeIgniter->run()
 8 SYSTEMPATH/Boot.php(68): CodeIgniter\Boot::runCodeIgniter()
 9 FCPATH/index.php(59): CodeIgniter\Boot::bootWeb()
10 SYSTEMPATH/rewrite.php(44): require_once('/home/main/Documents/GitHub/Supermarch-/public/index.php')
CRITICAL - 2026-06-17 06:36:57 --> CodeIgniter\View\Exceptions\ViewException: Invalid file: "choix_caisse.php"
[Method: GET, Route: /]
in SYSTEMPATH/Exceptions/FrameworkException.php on line 39.
 1 SYSTEMPATH/View/View.php(228): CodeIgniter\Exceptions\FrameworkException::forInvalidFile()
 2 SYSTEMPATH/Common.php(1254): CodeIgniter\View\View->render()
 3 APPPATH/Controllers/CaisseController.php(17): view()
 4 SYSTEMPATH/CodeIgniter.php(974): App\Controllers\CaisseController->choixCaisse()
 5 SYSTEMPATH/CodeIgniter.php(520): CodeIgniter\CodeIgniter->runController()
 6 SYSTEMPATH/CodeIgniter.php(363): CodeIgniter\CodeIgniter->handleRequest()
 7 SYSTEMPATH/Boot.php(417): CodeIgniter\CodeIgniter->run()
 8 SYSTEMPATH/Boot.php(68): CodeIgniter\Boot::runCodeIgniter()
 9 FCPATH/index.php(59): CodeIgniter\Boot::bootWeb()
10 SYSTEMPATH/rewrite.php(44): require_once('/home/main/Documents/GitHub/Supermarch-/public/index.php')
<<<<<<< HEAD
CRITICAL - 2026-06-17 06:50:31 --> Error: Class "App\Controllers\CaisseModel" not found
[Method: GET, Route: saisie-achat]
in APPPATH/Controllers/CaisseController.php on line 45.
 1 SYSTEMPATH/CodeIgniter.php(974): App\Controllers\CaisseController->saisieAchat()
 2 SYSTEMPATH/CodeIgniter.php(520): CodeIgniter\CodeIgniter->runController()
 3 SYSTEMPATH/CodeIgniter.php(363): CodeIgniter\CodeIgniter->handleRequest()
 4 SYSTEMPATH/Boot.php(417): CodeIgniter\CodeIgniter->run()
 5 SYSTEMPATH/Boot.php(68): CodeIgniter\Boot::runCodeIgniter()
 6 FCPATH/index.php(59): CodeIgniter\Boot::bootWeb()
 7 SYSTEMPATH/rewrite.php(44): require_once('/home/main/Documents/GitHub/Supermarch-/public/index.php')
CRITICAL - 2026-06-17 06:50:32 --> Error: Class "App\Controllers\CaisseModel" not found
[Method: GET, Route: saisie-achat]
in APPPATH/Controllers/CaisseController.php on line 45.
 1 SYSTEMPATH/CodeIgniter.php(974): App\Controllers\CaisseController->saisieAchat()
 2 SYSTEMPATH/CodeIgniter.php(520): CodeIgniter\CodeIgniter->runController()
 3 SYSTEMPATH/CodeIgniter.php(363): CodeIgniter\CodeIgniter->handleRequest()
 4 SYSTEMPATH/Boot.php(417): CodeIgniter\CodeIgniter->run()
 5 SYSTEMPATH/Boot.php(68): CodeIgniter\Boot::runCodeIgniter()
 6 FCPATH/index.php(59): CodeIgniter\Boot::bootWeb()
 7 SYSTEMPATH/rewrite.php(44): require_once('/home/main/Documents/GitHub/Supermarch-/public/index.php')
=======
CRITICAL - 2026-06-17 06:45:18 --> CodeIgniter\View\Exceptions\ViewException: Invalid file: "saisie_achat.php"
[Method: GET, Route: saisie-achat]
in SYSTEMPATH/Exceptions/FrameworkException.php on line 39.
 1 SYSTEMPATH/View/View.php(228): CodeIgniter\Exceptions\FrameworkException::forInvalidFile()
 2 SYSTEMPATH/Common.php(1254): CodeIgniter\View\View->render()
 3 APPPATH/Controllers/CaisseController.php(48): view()
 4 SYSTEMPATH/CodeIgniter.php(974): App\Controllers\CaisseController->saisieAchat()
 5 SYSTEMPATH/CodeIgniter.php(520): CodeIgniter\CodeIgniter->runController()
 6 SYSTEMPATH/CodeIgniter.php(363): CodeIgniter\CodeIgniter->handleRequest()
 7 SYSTEMPATH/Boot.php(417): CodeIgniter\CodeIgniter->run()
 8 SYSTEMPATH/Boot.php(68): CodeIgniter\Boot::runCodeIgniter()
 9 FCPATH/index.php(59): CodeIgniter\Boot::bootWeb()
10 SYSTEMPATH/rewrite.php(44): require_once('/home/itu/Documents/SI/Supermarch-/public/index.php')
CRITICAL - 2026-06-17 06:47:39 --> CodeIgniter\View\Exceptions\ViewException: Invalid file: "saisie_achat.php"
[Method: GET, Route: saisie-achat]
in SYSTEMPATH/Exceptions/FrameworkException.php on line 39.
 1 SYSTEMPATH/View/View.php(228): CodeIgniter\Exceptions\FrameworkException::forInvalidFile()
 2 SYSTEMPATH/Common.php(1254): CodeIgniter\View\View->render()
 3 APPPATH/Controllers/CaisseController.php(48): view()
 4 SYSTEMPATH/CodeIgniter.php(974): App\Controllers\CaisseController->saisieAchat()
 5 SYSTEMPATH/CodeIgniter.php(520): CodeIgniter\CodeIgniter->runController()
 6 SYSTEMPATH/CodeIgniter.php(363): CodeIgniter\CodeIgniter->handleRequest()
 7 SYSTEMPATH/Boot.php(417): CodeIgniter\CodeIgniter->run()
 8 SYSTEMPATH/Boot.php(68): CodeIgniter\Boot::runCodeIgniter()
 9 FCPATH/index.php(59): CodeIgniter\Boot::bootWeb()
10 SYSTEMPATH/rewrite.php(44): require_once('/home/itu/Documents/SI/Supermarch-/public/index.php')
>>>>>>> d636a242e19c3dfa42e155b38bc2a7769a3ebcc7
CRITICAL - 2026-06-17 07:04:29 --> ErrorException: session_start(): Failed to decode session object. Session has been destroyed
[Method: GET, Route: saisie-achat]
in SYSTEMPATH/Session/Session.php on line 625.
 1 [internal function]: CodeIgniter\Debug\Exceptions->errorHandler()
 2 SYSTEMPATH/Session/Session.php(625): session_start()
 3 SYSTEMPATH/Session/Session.php(120): CodeIgniter\Session\Session->startSession()
 4 SYSTEMPATH/Config/Services.php(714): CodeIgniter\Session\Session->start()
 5 SYSTEMPATH/Config/BaseService.php(325): CodeIgniter\Config\Services::session()
 6 SYSTEMPATH/Config/BaseService.php(264): CodeIgniter\Config\BaseService::__callStatic()
 7 SYSTEMPATH/Config/Services.php(668): CodeIgniter\Config\BaseService::getSharedInstance()
 8 SYSTEMPATH/Config/BaseService.php(334): CodeIgniter\Config\Services::session()
 9 SYSTEMPATH/Config/BaseService.php(203): CodeIgniter\Config\BaseService::__callStatic()
10 SYSTEMPATH/Common.php(1082): CodeIgniter\Config\BaseService::get()
11 SYSTEMPATH/Common.php(1055): service()
12 APPPATH/Controllers/CaisseController.php(41): session()
13 SYSTEMPATH/CodeIgniter.php(974): App\Controllers\CaisseController->saisieAchat()
14 SYSTEMPATH/CodeIgniter.php(520): CodeIgniter\CodeIgniter->runController()
15 SYSTEMPATH/CodeIgniter.php(363): CodeIgniter\CodeIgniter->handleRequest()
16 SYSTEMPATH/Boot.php(417): CodeIgniter\CodeIgniter->run()
17 SYSTEMPATH/Boot.php(68): CodeIgniter\Boot::runCodeIgniter()
18 FCPATH/index.php(59): CodeIgniter\Boot::bootWeb()
19 SYSTEMPATH/rewrite.php(44): require_once('/home/main/Documents/GitHub/Supermarch-/public/index.php')
